<?xml version="1.0" encoding="UTF-8"?>
<!-- Generated by org.testng.reporters.JUnitReportReporter -->
<testsuite hostname="DESKTOP-2DUQFFK" name="com.MavenTestNG.Dataprovider.Test.MavenTestNGDataproviderTest" tests="4" failures="0" timestamp="29 Nov 2017 19:48:42 GMT" time="51.366" errors="0">
  <testcase name="EcommLoginTest" time="12.479" classname="com.MavenTestNG.Dataprovider.Test.MavenTestNGDataproviderTest"/>
  <testcase name="EcommLoginTest" time="12.300" classname="com.MavenTestNG.Dataprovider.Test.MavenTestNGDataproviderTest"/>
  <testcase name="EcommLoginTest" time="12.855" classname="com.MavenTestNG.Dataprovider.Test.MavenTestNGDataproviderTest"/>
  <testcase name="EcommLoginTest" time="13.732" classname="com.MavenTestNG.Dataprovider.Test.MavenTestNGDataproviderTest"/>
</testsuite> <!-- com.MavenTestNG.Dataprovider.Test.MavenTestNGDataproviderTest -->
