<?xml version="1.0" encoding="UTF-8"?>
<!-- Generated by org.testng.reporters.JUnitReportReporter -->
<testsuite hostname="DESKTOP-2DUQFFK" name="com.Maven.TestNG.Test.EcommerceCategories" tests="2" failures="0" timestamp="29 Nov 2017 20:34:08 GMT" time="17.762" errors="0">
  <testcase name="EcommerceCartAddRemoveTest" time="13.379" classname="com.Maven.TestNG.Test.EcommerceCategories"/>
  <testcase name="EcommereceCategorieslistTest" time="4.383" classname="com.Maven.TestNG.Test.EcommerceCategories"/>
</testsuite> <!-- com.Maven.TestNG.Test.EcommerceCategories -->
