<?xml version="1.0" encoding="UTF-8"?>
<!-- Generated by org.testng.reporters.JUnitReportReporter -->
<testsuite hostname="DESKTOP-2DUQFFK" name="com.Maven.TestNG.Test.RegistrationTest" tests="1" failures="0" timestamp="29 Nov 2017 09:01:15 GMT" time="3.990" errors="0">
  <testcase name="SignUpTest" time="3.990" classname="com.Maven.TestNG.Test.RegistrationTest"/>
</testsuite> <!-- com.Maven.TestNG.Test.RegistrationTest -->
