<?xml version="1.0" encoding="UTF-8"?>
<!-- Generated by org.testng.reporters.JUnitReportReporter -->
<testsuite hostname="DESKTOP-2DUQFFK" name="com.Maven.TestNG.Test.EcommercetLoginTest" tests="1" failures="0" timestamp="29 Nov 2017 07:34:25 GMT" time="2.645" errors="0">
  <testcase name="EcommerceLogin" time="2.645" classname="com.Maven.TestNG.Test.EcommercetLoginTest"/>
</testsuite> <!-- com.Maven.TestNG.Test.EcommercetLoginTest -->
