<?xml version="1.0" encoding="UTF-8"?>
<!-- Generated by org.testng.reporters.JUnitReportReporter -->
<testsuite hostname="DESKTOP-2DUQFFK" name="com.MavenApacheHttpClient.test.CustomerServiceTestngTest" tests="1" failures="0" timestamp="3 Dec 2017 01:08:43 GMT" time="1.127" errors="0">
  <testcase name="testGetCustomerwith200" time="1.127" classname="com.MavenApacheHttpClient.test.CustomerServiceTestngTest"/>
</testsuite> <!-- com.MavenApacheHttpClient.test.CustomerServiceTestngTest -->
