<?xml version="1.0" encoding="UTF-8"?>
<!-- Generated by org.testng.reporters.JUnitReportReporter -->
<testsuite hostname="DESKTOP-2DUQFFK" name="com.MavenApacheHttpClient.test.CustomerServiceTestngDataProviderTest" tests="1" failures="0" timestamp="3 Dec 2017 02:04:51 GMT" time="1.017" errors="0">
  <testcase name="testGetCustomerwith200" time="1.017" classname="com.MavenApacheHttpClient.test.CustomerServiceTestngDataProviderTest"/>
</testsuite> <!-- com.MavenApacheHttpClient.test.CustomerServiceTestngDataProviderTest -->
