<?xml version="1.0" encoding="UTF-8"?>
<!-- Generated by org.testng.reporters.JUnitReportReporter -->
<testsuite hostname="DESKTOP-2DUQFFK" name="com.Service.Customer.test.CustomerServiceTest" tests="3" failures="0" timestamp="8 Dec 2017 23:28:24 GMT" time="2.593" errors="0">
  <testcase name="testGetCustomerwith200" time="1.720" classname="com.Service.Customer.test.CustomerServiceTest"/>
  <testcase name="testDeleteCustomerwith200" time="0.434" classname="com.Service.Customer.test.CustomerServiceTest"/>
  <testcase name="testPostCustomerwith200" time="0.439" classname="com.Service.Customer.test.CustomerServiceTest"/>
</testsuite> <!-- com.Service.Customer.test.CustomerServiceTest -->
