<?xml version="1.0" encoding="UTF-8"?>
<!-- Generated by org.testng.reporters.JUnitReportReporter -->
<testsuite hostname="DESKTOP-2DUQFFK" name="com.Maven.TestNG.Test.EcommercetLoginTest" tests="1" failures="0" timestamp="29 Nov 2017 06:21:19 GMT" time="0.006" errors="0">
  <testcase name="EcommerceLoginTest" time="0.006" classname="com.Maven.TestNG.Test.EcommercetLoginTest"/>
</testsuite> <!-- com.Maven.TestNG.Test.EcommercetLoginTest -->
