<?xml version="1.0" encoding="UTF-8"?>
<!-- Generated by org.testng.reporters.JUnitReportReporter -->
<testsuite hostname="DESKTOP-2DUQFFK" name="com.maven.testngpom.product.ProductTest" tests="3" failures="0" timestamp="30 Nov 2017 23:06:38 GMT" time="56.862" errors="0">
  <testcase name="ProductItemAddTest" time="18.544" classname="com.maven.testngpom.product.ProductTest"/>
  <testcase name="ProductListCheckTest" time="16.546" classname="com.maven.testngpom.product.ProductTest"/>
  <testcase name="ProductRemoveTest" time="21.772" classname="com.maven.testngpom.product.ProductTest"/>
</testsuite> <!-- com.maven.testngpom.product.ProductTest -->
