<?xml version="1.0" encoding="UTF-8"?>
<!-- Generated by org.testng.reporters.JUnitReportReporter -->
<testsuite hostname="DESKTOP-2DUQFFK" name="com.MavenTestNg.DataProviderExcel.Test.EcommerceCategories" tests="5" failures="0" timestamp="29 Nov 2017 20:47:22 GMT" time="95.318" errors="0">
  <testcase name="EcommerceCartAddRemoveTest" time="21.161" classname="com.MavenTestNg.DataProviderExcel.Test.EcommerceCategories"/>
  <testcase name="EcommerceCartAddRemoveTest" time="21.169" classname="com.MavenTestNg.DataProviderExcel.Test.EcommerceCategories"/>
  <testcase name="EcommereceCategorieslistTest" time="11.592" classname="com.MavenTestNg.DataProviderExcel.Test.EcommerceCategories"/>
  <testcase name="EcommerceCartAddRemoveTest" time="20.580" classname="com.MavenTestNg.DataProviderExcel.Test.EcommerceCategories"/>
  <testcase name="EcommerceCartAddRemoveTest" time="20.816" classname="com.MavenTestNg.DataProviderExcel.Test.EcommerceCategories"/>
</testsuite> <!-- com.MavenTestNg.DataProviderExcel.Test.EcommerceCategories -->
