<?xml version="1.0" encoding="UTF-8"?>
<!-- Generated by org.testng.reporters.JUnitReportReporter -->
<testsuite hostname="DESKTOP-2DUQFFK" name="com.MavenTestNg.DataProviderExcel.Test.RegistrationTest" tests="4" failures="0" timestamp="29 Nov 2017 20:20:18 GMT" time="47.798" errors="0">
  <testcase name="SignUpTest" time="11.045" classname="com.MavenTestNg.DataProviderExcel.Test.RegistrationTest"/>
  <testcase name="SignUpTest" time="12.712" classname="com.MavenTestNg.DataProviderExcel.Test.RegistrationTest"/>
  <testcase name="SignUpTest" time="11.950" classname="com.MavenTestNg.DataProviderExcel.Test.RegistrationTest"/>
  <testcase name="SignUpTest" time="12.091" classname="com.MavenTestNg.DataProviderExcel.Test.RegistrationTest"/>
</testsuite> <!-- com.MavenTestNg.DataProviderExcel.Test.RegistrationTest -->
