<?xml version="1.0" encoding="UTF-8"?>
<!-- Generated by org.testng.reporters.JUnitReportReporter -->
<testsuite hostname="DESKTOP-2DUQFFK" name="com.MavenTestNg.DataProviderExcel.Test.MavenTestNGDataproviderExcelTest" tests="4" failures="0" timestamp="29 Nov 2017 20:03:58 GMT" time="53.773" errors="0">
  <testcase name="EcommLoginTest" time="11.931" classname="com.MavenTestNg.DataProviderExcel.Test.MavenTestNGDataproviderExcelTest"/>
  <testcase name="EcommLoginTest" time="13.720" classname="com.MavenTestNg.DataProviderExcel.Test.MavenTestNGDataproviderExcelTest"/>
  <testcase name="EcommLoginTest" time="12.488" classname="com.MavenTestNg.DataProviderExcel.Test.MavenTestNGDataproviderExcelTest"/>
  <testcase name="EcommLoginTest" time="15.634" classname="com.MavenTestNg.DataProviderExcel.Test.MavenTestNGDataproviderExcelTest"/>
</testsuite> <!-- com.MavenTestNg.DataProviderExcel.Test.MavenTestNGDataproviderExcelTest -->
